<?xml version="1.0" encoding="utf-8"?><testsuites name="pytest tests"><testsuite name="pytest" errors="0" failures="0" skipped="0" tests="35" time="8.226" timestamp="2026-08-13T15:54:50.055323+00:00" hostname="agent-env-05803d74-16ea-45d8-91d5-897bee99cca3"><testcase classname="tests.backend_test.TestModules" name="test_module_endpoint[/vehicles]" time="0.750" /><testcase classname="tests.backend_test.TestInvestigate" name="test_investigate_key[total_maintenance_cost]" time="0.991" /><testcase classname="tests.backend_test.TestModules" name="test_module_endpoint[/drivers]" time="0.132" /><testcase classname="tests.backend_test.TestModules" name="test_module_endpoint[/templates]" time="0.144" /><testcase classname="tests.backend_test.TestInvestigate" name="test_investigate_key[cost_per_vehicle]" time="0.185" /><testcase classname="tests.backend_test.TestModules" name="test_module_endpoint[/maintenance]" time="0.125" /><testcase classname="tests.backend_test.TestModules" name="test_module_endpoint[/parts]" time="0.121" /><testcase classname="tests.backend_test.TestInvestigate" name="test_investigate_key[pending_jobs]" time="0.133" /><testcase classname="tests.backend_test.TestModules" name="test_module_endpoint[/users]" time="0.139" /><testcase classname="tests.backend_test.TestInvestigate" name="test_investigate_key[completed_jobs]" time="0.166" /><testcase classname="tests.backend_test.TestModules" name="test_module_endpoint[/audit]" time="0.125" /><testcase classname="tests.backend_test.TestInvestigate" name="test_investigate_key[total_vehicles]" time="0.145" /><testcase classname="tests.backend_test.TestModules" name="test_module_endpoint[/analytics/kpi]" time="0.145" /><testcase classname="tests.backend_test.TestInvestigate" name="test_investigate_key[downtime]" time="0.130" /><testcase classname="tests.backend_test.TestModules" name="test_vehicles_has_data" time="0.120" /><testcase classname="tests.backend_test.TestInvestigate" name="test_investigate_key[fuel_cost]" time="0.131" /><testcase classname="tests.backend_test.TestAuth" name="test_login_success" time="0.356" /><testcase classname="tests.backend_test.TestInvestigate" name="test_investigate_key[utilization]" time="0.277" /><testcase classname="tests.backend_test.TestDrivers" name="test_create_driver_and_get" time="0.783" /><testcase classname="tests.backend_test.TestAuth" name="test_login_invalid" time="0.335" /><testcase classname="tests.backend_test.TestAuth" name="test_me" time="0.122" /><testcase classname="tests.backend_test.TestIncidentPatch" name="test_patch_incident_updates_fields" time="0.650" /><testcase classname="tests.backend_test.TestDrivers" name="test_create_driver_empty_email" time="0.268" /><testcase classname="tests.backend_test.TestDrivers" name="test_create_driver_no_email_field" time="0.259" /><testcase classname="tests.backend_test.TestIncidentPatch" name="test_patch_incident_unknown_returns_404" time="0.116" /><testcase classname="tests.backend_test.TestIncidentPatch" name="test_patch_incident_audit_log" time="0.644" /><testcase classname="tests.backend_test.TestSharePortal" name="test_share_lifecycle" time="0.658" /><testcase classname="tests.backend_test.TestUnifiedAlerts" name="test_alerts_shape" time="0.121" /><testcase classname="tests.backend_test.TestTwoFactor" name="test_2fa_full_flow" time="2.412" /><testcase classname="tests.backend_test.TestVehicleTimeline" name="test_timeline_ok" time="0.255" /><testcase classname="tests.backend_test.TestMaintenanceDriverSplit" name="test_create_maintenance_with_driver_id" time="0.979" /><testcase classname="tests.backend_test.TestFleetHealth" name="test_fleet_health_shape_and_sorted" time="0.115" /><testcase classname="tests.backend_test.TestIncidentsEnrichment" name="test_incidents_list_enriched" time="0.663" /><testcase classname="tests.backend_test.TestIncidents" name="test_incident_crud_and_timeline" time="1.059" /><testcase classname="tests.backend_test.TestUserPrefs" name="test_put_and_get_prefs_persist" time="0.261" /></testsuite></testsuites>