<?xml version="1.0" encoding="utf-8"?><testsuites name="pytest tests"><testsuite name="pytest" errors="0" failures="0" skipped="0" tests="46" time="7.811" timestamp="2026-08-14T05:41:09.411856+00:00" hostname="agent-env-05803d74-16ea-45d8-91d5-897bee99cca3"><testcase classname="tests.backend_test.TestInvestigate" name="test_investigate_key[total_maintenance_cost]" time="0.693" /><testcase classname="tests.backend_test.TestModules" name="test_module_endpoint[/vehicles]" time="0.792" /><testcase classname="tests.backend_test.TestInvestigate" name="test_investigate_key[cost_per_vehicle]" time="0.165" /><testcase classname="tests.backend_test.TestModules" name="test_module_endpoint[/drivers]" time="0.149" /><testcase classname="tests.backend_test.TestInvestigate" name="test_investigate_key[pending_jobs]" time="0.098" /><testcase classname="tests.backend_test.TestModules" name="test_module_endpoint[/templates]" time="0.103" /><testcase classname="tests.backend_test.TestInvestigate" name="test_investigate_key[completed_jobs]" time="0.138" /><testcase classname="tests.backend_test.TestModules" name="test_module_endpoint[/maintenance]" time="0.107" /><testcase classname="tests.backend_test.TestInvestigate" name="test_investigate_key[total_vehicles]" time="0.108" /><testcase classname="tests.backend_test.TestModules" name="test_module_endpoint[/parts]" time="0.102" /><testcase classname="tests.backend_test.TestInvestigate" name="test_investigate_key[downtime]" time="0.125" /><testcase classname="tests.backend_test.TestModules" name="test_module_endpoint[/users]" time="0.175" /><testcase classname="tests.backend_test.TestInvestigate" name="test_investigate_key[fuel_cost]" time="0.156" /><testcase classname="tests.backend_test.TestModules" name="test_module_endpoint[/audit]" time="0.106" /><testcase classname="tests.backend_test.TestInvestigate" name="test_investigate_key[utilization]" time="0.103" /><testcase classname="tests.backend_test.TestModules" name="test_module_endpoint[/analytics/kpi]" time="0.155" /><testcase classname="tests.backend_test.TestVehicleHealthTrend" name="test_default_30_days" time="0.206" /><testcase classname="tests.backend_test.TestModules" name="test_vehicles_has_data" time="0.103" /><testcase classname="tests.backend_test.TestHealthDigest" name="test_manual_send_requires_auth" time="0.097" /><testcase classname="tests.backend_test.TestVehicleHealthTrend" name="test_days_clamped_low" time="0.224" /><testcase classname="tests.backend_test.TestHealthDigest" name="test_manual_send_admin" time="0.334" /><testcase classname="tests.backend_test.TestVehicleHealthTrend" name="test_days_clamped_high" time="0.207" /><testcase classname="tests.backend_test.TestHealthDigest" name="test_cron_no_auth" time="0.182" /><testcase classname="tests.backend_test.TestVehicleHealthTrend" name="test_unknown_vehicle_404" time="0.101" /><testcase classname="tests.backend_test.TestVehicleHealthTrend" name="test_trend_last_matches_fleet_health" time="0.204" /><testcase classname="tests.backend_test.TestHealthDigest" name="test_cron_wrong_secret" time="0.168" /><testcase classname="tests.backend_test.TestVehicleHealthTrend" name="test_requires_auth" time="0.107" /><testcase classname="tests.backend_test.TestHealthDigest" name="test_cron_correct_secret" time="0.096" /><testcase classname="tests.backend_test.TestAuth" name="test_login_success" time="0.337" /><testcase classname="tests.backend_test.TestDrivers" name="test_create_driver_and_get" time="0.721" /><testcase classname="tests.backend_test.TestAuth" name="test_login_invalid" time="0.361" /><testcase classname="tests.backend_test.TestAuth" name="test_me" time="0.098" /><testcase classname="tests.backend_test.TestDrivers" name="test_create_driver_empty_email" time="0.209" /><testcase classname="tests.backend_test.TestIncidentPatch" name="test_patch_incident_updates_fields" time="0.625" /><testcase classname="tests.backend_test.TestDrivers" name="test_create_driver_no_email_field" time="0.260" /><testcase classname="tests.backend_test.TestSharePortal" name="test_share_lifecycle" time="0.623" /><testcase classname="tests.backend_test.TestIncidentPatch" name="test_patch_incident_unknown_returns_404" time="0.119" /><testcase classname="tests.backend_test.TestIncidentPatch" name="test_patch_incident_audit_log" time="0.583" /><testcase classname="tests.backend_test.TestTwoFactor" name="test_2fa_full_flow" time="2.175" /><testcase classname="tests.backend_test.TestVehicleTimeline" name="test_timeline_ok" time="0.209" /><testcase classname="tests.backend_test.TestIncidents" name="test_incident_crud_and_timeline" time="1.248" /><testcase classname="tests.backend_test.TestUserPrefs" name="test_put_and_get_prefs_persist" time="0.195" /><testcase classname="tests.backend_test.TestFleetHealth" name="test_fleet_health_shape_and_sorted" time="0.090" /><testcase classname="tests.backend_test.TestIncidentsEnrichment" name="test_incidents_list_enriched" time="0.531" /><testcase classname="tests.backend_test.TestUnifiedAlerts" name="test_alerts_shape" time="0.163" /><testcase classname="tests.backend_test.TestMaintenanceDriverSplit" name="test_create_maintenance_with_driver_id" time="0.537" /></testsuite></testsuites>